TN:
SF:src\async.js
FN:1,fetchData
FN:2,(anonymous_1)
FN:3,(anonymous_2)
FN:10,getUser
FN:12,(anonymous_4)
FNF:5
FNH:5
FNDA:3,fetchData
FNDA:3,(anonymous_1)
FNDA:3,(anonymous_2)
FNDA:2,getUser
FNDA:2,(anonymous_4)
DA:2,3
DA:3,3
DA:4,3
DA:5,3
DA:11,2
DA:13,2
DA:14,1
DA:16,1
LF:8
LH:8
BRDA:13,0,0,1
BRDA:13,0,1,1
BRF:2
BRH:2
end_of_record
TN:
SF:src\math.js
FN:1,(anonymous_0)
FN:5,(anonymous_1)
FNF:2
FNH:2
FNDA:2,(anonymous_0)
FNDA:2,(anonymous_1)
DA:1,1
DA:2,2
DA:5,1
DA:6,2
DA:7,1
DA:9,1
LF:6
LH:6
BRDA:6,0,0,1
BRDA:6,0,1,1
BRF:2
BRH:2
end_of_record
